<?xml version="1.0" encoding="UTF-8"?>
<!-- Generated by org.testng.reporters.JUnitReportReporter -->
<testsuite skipped="0" hostname="mindc1d155" name="runner.TestExecution1" tests="1" failures="0" timestamp="2022-05-23T14:00:12 IST" time="24.785" errors="0">
  <testcase name="basePageNavigation" time="24.785" classname="runner.TestExecution1"/>
  <system-out/>
</testsuite> <!-- runner.TestExecution1 -->
