<?xml version="1.0" encoding="UTF-8"?>
<!-- Generated by org.testng.reporters.JUnitReportReporter -->
<testsuite skipped="0" hostname="mindc1d155" name="runner.TestExecution6" tests="1" failures="0" timestamp="2022-05-23T14:00:12 IST" time="27.255" errors="0">
  <testcase name="basePageNavigation" time="27.255" classname="runner.TestExecution6"/>
  <system-out/>
</testsuite> <!-- runner.TestExecution6 -->
