<?xml version="1.0" encoding="UTF-8"?>
<!-- Generated by org.testng.reporters.JUnitReportReporter -->
<testsuite skipped="0" hostname="mindc1d155" name="runner.TestExecution2" tests="1" failures="0" timestamp="2022-05-23T14:00:12 IST" time="44.965" errors="0">
  <testcase name="basePageNavigation" time="44.965" classname="runner.TestExecution2"/>
  <system-out/>
</testsuite> <!-- runner.TestExecution2 -->
